<?xml version="1.0" encoding="UTF-8"?>
<!-- Generated by org.testng.reporters.JUnitReportReporter -->
<testsuite skipped="0" hostname="DESKTOP-OP2ETL3" name="runner.testRunner" tests="4" failures="0" timestamp="2021-10-11T13:49:48 IST" time="35.080" errors="0">
  <testcase name="runScenario" time="7.767" classname="runner.testRunner"/>
  <system-out/>
  <testcase name="runScenario" time="8.953" classname="runner.testRunner"/>
  <system-out/>
  <testcase name="runScenario" time="11.736" classname="runner.testRunner"/>
  <system-out/>
  <testcase name="runScenario" time="6.624" classname="runner.testRunner"/>
  <system-out/>
</testsuite> <!-- runner.testRunner -->
